{"/Users/sarya14/Desktop/Demo-project/myContacts/App.js": {"path":"/Users/sarya14/Desktop/Demo-project/myContacts/App.js","statementMap":{"0":{"start":{"line":9,"column":2},"end":{"line":15,"column":4}}},"fnMap":{"0":{"name":"App","decl":{"start":{"line":8,"column":24},"end":{"line":8,"column":27}},"loc":{"start":{"line":8,"column":30},"end":{"line":16,"column":1}},"line":8}},"branchMap":{},"s":{"0":0},"f":{"0":0},"b":{}}
,"/Users/sarya14/Desktop/Demo-project/myContacts/src/Screens/EditScreen.js": {"path":"/Users/sarya14/Desktop/Demo-project/myContacts/src/Screens/EditScreen.js","statementMap":{"0":{"start":{"line":9,"column":19},"end":{"line":9,"column":59}},"1":{"start":{"line":9,"column":42},"end":{"line":9,"column":58}},"2":{"start":{"line":11,"column":36},"end":{"line":11,"column":73}},"3":{"start":{"line":12,"column":34},"end":{"line":12,"column":75}},"4":{"start":{"line":13,"column":34},"end":{"line":13,"column":75}},"5":{"start":{"line":15,"column":19},"end":{"line":15,"column":32}},"6":{"start":{"line":17,"column":18},"end":{"line":22,"column":3}},"7":{"start":{"line":24,"column":25},"end":{"line":31,"column":3}},"8":{"start":{"line":25,"column":4},"end":{"line":30,"column":5}},"9":{"start":{"line":25,"column":26},"end":{"line":25,"column":45}},"10":{"start":{"line":27,"column":6},"end":{"line":29,"column":9}},"11":{"start":{"line":33,"column":29},"end":{"line":40,"column":3}},"12":{"start":{"line":34,"column":4},"end":{"line":39,"column":5}},"13":{"start":{"line":34,"column":26},"end":{"line":34,"column":44}},"14":{"start":{"line":36,"column":6},"end":{"line":38,"column":9}},"15":{"start":{"line":42,"column":27},"end":{"line":49,"column":3}},"16":{"start":{"line":43,"column":4},"end":{"line":48,"column":5}},"17":{"start":{"line":43,"column":27},"end":{"line":43,"column":45}},"18":{"start":{"line":45,"column":6},"end":{"line":47,"column":9}},"19":{"start":{"line":51,"column":20},"end":{"line":64,"column":3}},"20":{"start":{"line":52,"column":4},"end":{"line":63,"column":5}},"21":{"start":{"line":53,"column":27},"end":{"line":53,"column":47}},"22":{"start":{"line":54,"column":27},"end":{"line":54,"column":50}},"23":{"start":{"line":55,"column":27},"end":{"line":55,"column":50}},"24":{"start":{"line":57,"column":6},"end":{"line":59,"column":9}},"25":{"start":{"line":61,"column":6},"end":{"line":61,"column":59}},"26":{"start":{"line":62,"column":6},"end":{"line":62,"column":34}},"27":{"start":{"line":66,"column":2},"end":{"line":101,"column":4}},"28":{"start":{"line":104,"column":16},"end":{"line":140,"column":2}}},"fnMap":{"0":{"name":"Form","decl":{"start":{"line":8,"column":24},"end":{"line":8,"column":28}},"loc":{"start":{"line":8,"column":45},"end":{"line":102,"column":1}},"line":8},"1":{"name":"(anonymous_1)","decl":{"start":{"line":9,"column":31},"end":{"line":9,"column":32}},"loc":{"start":{"line":9,"column":42},"end":{"line":9,"column":58}},"line":9},"2":{"name":"(anonymous_2)","decl":{"start":{"line":24,"column":25},"end":{"line":24,"column":26}},"loc":{"start":{"line":24,"column":35},"end":{"line":31,"column":3}},"line":24},"3":{"name":"(anonymous_3)","decl":{"start":{"line":33,"column":29},"end":{"line":33,"column":30}},"loc":{"start":{"line":33,"column":39},"end":{"line":40,"column":3}},"line":33},"4":{"name":"(anonymous_4)","decl":{"start":{"line":42,"column":27},"end":{"line":42,"column":28}},"loc":{"start":{"line":42,"column":37},"end":{"line":49,"column":3}},"line":42},"5":{"name":"(anonymous_5)","decl":{"start":{"line":51,"column":20},"end":{"line":51,"column":21}},"loc":{"start":{"line":51,"column":26},"end":{"line":64,"column":3}},"line":51},"6":{"name":"(anonymous_6)","decl":{"start":{"line":53,"column":20},"end":{"line":53,"column":21}},"loc":{"start":{"line":53,"column":27},"end":{"line":53,"column":47}},"line":53},"7":{"name":"(anonymous_7)","decl":{"start":{"line":54,"column":20},"end":{"line":54,"column":21}},"loc":{"start":{"line":54,"column":27},"end":{"line":54,"column":50}},"line":54},"8":{"name":"(anonymous_8)","decl":{"start":{"line":55,"column":20},"end":{"line":55,"column":21}},"loc":{"start":{"line":55,"column":27},"end":{"line":55,"column":50}},"line":55}},"branchMap":{"0":{"loc":{"start":{"line":25,"column":4},"end":{"line":30,"column":5}},"type":"if","locations":[{"start":{"line":25,"column":4},"end":{"line":30,"column":5}},{"start":{"line":26,"column":9},"end":{"line":30,"column":5}}],"line":25},"1":{"loc":{"start":{"line":34,"column":4},"end":{"line":39,"column":5}},"type":"if","locations":[{"start":{"line":34,"column":4},"end":{"line":39,"column":5}},{"start":{"line":35,"column":9},"end":{"line":39,"column":5}}],"line":34},"2":{"loc":{"start":{"line":43,"column":4},"end":{"line":48,"column":5}},"type":"if","locations":[{"start":{"line":43,"column":4},"end":{"line":48,"column":5}},{"start":{"line":44,"column":9},"end":{"line":48,"column":5}}],"line":43},"3":{"loc":{"start":{"line":52,"column":4},"end":{"line":63,"column":5}},"type":"if","locations":[{"start":{"line":52,"column":4},"end":{"line":63,"column":5}},{"start":{"line":60,"column":9},"end":{"line":63,"column":5}}],"line":52},"4":{"loc":{"start":{"line":53,"column":6},"end":{"line":55,"column":51}},"type":"binary-expr","locations":[{"start":{"line":53,"column":6},"end":{"line":53,"column":48}},{"start":{"line":54,"column":6},"end":{"line":54,"column":51}},{"start":{"line":55,"column":6},"end":{"line":55,"column":51}}],"line":53}},"s":{"0":0,"1":0,"2":0,"3":0,"4":0,"5":0,"6":0,"7":0,"8":0,"9":0,"10":0,"11":0,"12":0,"13":0,"14":0,"15":0,"16":0,"17":0,"18":0,"19":0,"20":0,"21":0,"22":0,"23":0,"24":0,"25":0,"26":0,"27":0,"28":0},"f":{"0":0,"1":0,"2":0,"3":0,"4":0,"5":0,"6":0,"7":0,"8":0},"b":{"0":[0,0],"1":[0,0],"2":[0,0],"3":[0,0],"4":[0,0,0]}}
,"/Users/sarya14/Desktop/Demo-project/myContacts/src/Screens/contactDetails.js": {"path":"/Users/sarya14/Desktop/Demo-project/myContacts/src/Screens/contactDetails.js","statementMap":{"0":{"start":{"line":17,"column":21},"end":{"line":19,"column":3}},"1":{"start":{"line":18,"column":4},"end":{"line":18,"column":53}},"2":{"start":{"line":21,"column":22},"end":{"line":26,"column":3}},"3":{"start":{"line":28,"column":19},"end":{"line":34,"column":3}},"4":{"start":{"line":29,"column":17},"end":{"line":32,"column":5}},"5":{"start":{"line":33,"column":4},"end":{"line":33,"column":36}},"6":{"start":{"line":36,"column":19},"end":{"line":36,"column":32}},"7":{"start":{"line":38,"column":23},"end":{"line":41,"column":3}},"8":{"start":{"line":39,"column":4},"end":{"line":39,"column":72}},"9":{"start":{"line":40,"column":4},"end":{"line":40,"column":32}},"10":{"start":{"line":43,"column":2},"end":{"line":88,"column":4}},"11":{"start":{"line":65,"column":25},"end":{"line":65,"column":66}},"12":{"start":{"line":71,"column":25},"end":{"line":71,"column":77}},"13":{"start":{"line":91,"column":16},"end":{"line":130,"column":2}}},"fnMap":{"0":{"name":"ContactDetails","decl":{"start":{"line":16,"column":24},"end":{"line":16,"column":38}},"loc":{"start":{"line":16,"column":55},"end":{"line":89,"column":1}},"line":16},"1":{"name":"(anonymous_1)","decl":{"start":{"line":17,"column":21},"end":{"line":17,"column":22}},"loc":{"start":{"line":17,"column":27},"end":{"line":19,"column":3}},"line":17},"2":{"name":"(anonymous_2)","decl":{"start":{"line":28,"column":19},"end":{"line":28,"column":20}},"loc":{"start":{"line":28,"column":31},"end":{"line":34,"column":3}},"line":28},"3":{"name":"(anonymous_3)","decl":{"start":{"line":38,"column":23},"end":{"line":38,"column":24}},"loc":{"start":{"line":38,"column":29},"end":{"line":41,"column":3}},"line":38},"4":{"name":"(anonymous_4)","decl":{"start":{"line":65,"column":19},"end":{"line":65,"column":20}},"loc":{"start":{"line":65,"column":25},"end":{"line":65,"column":66}},"line":65},"5":{"name":"(anonymous_5)","decl":{"start":{"line":71,"column":19},"end":{"line":71,"column":20}},"loc":{"start":{"line":71,"column":25},"end":{"line":71,"column":77}},"line":71}},"branchMap":{},"s":{"0":1,"1":0,"2":1,"3":1,"4":0,"5":0,"6":1,"7":1,"8":0,"9":0,"10":1,"11":0,"12":0,"13":1},"f":{"0":1,"1":0,"2":0,"3":0,"4":0,"5":0},"b":{},"_coverageSchema":"1a1c01bbd47fc00a2c39e90264f33305004495a9","hash":"81fd063bd0ccd8f518a7f91447f90777eef19a91"}
,"/Users/sarya14/Desktop/Demo-project/myContacts/src/Screens/form.js": {"path":"/Users/sarya14/Desktop/Demo-project/myContacts/src/Screens/form.js","statementMap":{"0":{"start":{"line":9,"column":19},"end":{"line":9,"column":59}},"1":{"start":{"line":9,"column":42},"end":{"line":9,"column":58}},"2":{"start":{"line":11,"column":36},"end":{"line":11,"column":48}},"3":{"start":{"line":12,"column":34},"end":{"line":12,"column":46}},"4":{"start":{"line":13,"column":34},"end":{"line":13,"column":46}},"5":{"start":{"line":15,"column":19},"end":{"line":15,"column":32}},"6":{"start":{"line":17,"column":18},"end":{"line":22,"column":3}},"7":{"start":{"line":24,"column":25},"end":{"line":31,"column":3}},"8":{"start":{"line":25,"column":4},"end":{"line":30,"column":5}},"9":{"start":{"line":25,"column":26},"end":{"line":25,"column":45}},"10":{"start":{"line":27,"column":6},"end":{"line":29,"column":9}},"11":{"start":{"line":33,"column":29},"end":{"line":40,"column":3}},"12":{"start":{"line":34,"column":4},"end":{"line":39,"column":5}},"13":{"start":{"line":34,"column":26},"end":{"line":34,"column":44}},"14":{"start":{"line":36,"column":6},"end":{"line":38,"column":9}},"15":{"start":{"line":42,"column":27},"end":{"line":49,"column":3}},"16":{"start":{"line":43,"column":4},"end":{"line":48,"column":5}},"17":{"start":{"line":43,"column":27},"end":{"line":43,"column":45}},"18":{"start":{"line":45,"column":6},"end":{"line":47,"column":9}},"19":{"start":{"line":51,"column":20},"end":{"line":73,"column":3}},"20":{"start":{"line":52,"column":4},"end":{"line":52,"column":60}},"21":{"start":{"line":52,"column":37},"end":{"line":52,"column":57}},"22":{"start":{"line":53,"column":4},"end":{"line":72,"column":5}},"23":{"start":{"line":54,"column":27},"end":{"line":54,"column":47}},"24":{"start":{"line":55,"column":27},"end":{"line":55,"column":50}},"25":{"start":{"line":56,"column":27},"end":{"line":56,"column":50}},"26":{"start":{"line":58,"column":6},"end":{"line":60,"column":9}},"27":{"start":{"line":61,"column":9},"end":{"line":72,"column":5}},"28":{"start":{"line":66,"column":6},"end":{"line":68,"column":9}},"29":{"start":{"line":70,"column":6},"end":{"line":70,"column":56}},"30":{"start":{"line":71,"column":6},"end":{"line":71,"column":34}},"31":{"start":{"line":75,"column":2},"end":{"line":107,"column":4}},"32":{"start":{"line":110,"column":16},"end":{"line":146,"column":2}}},"fnMap":{"0":{"name":"Form","decl":{"start":{"line":8,"column":24},"end":{"line":8,"column":28}},"loc":{"start":{"line":8,"column":45},"end":{"line":108,"column":1}},"line":8},"1":{"name":"(anonymous_1)","decl":{"start":{"line":9,"column":31},"end":{"line":9,"column":32}},"loc":{"start":{"line":9,"column":42},"end":{"line":9,"column":58}},"line":9},"2":{"name":"(anonymous_2)","decl":{"start":{"line":24,"column":25},"end":{"line":24,"column":26}},"loc":{"start":{"line":24,"column":35},"end":{"line":31,"column":3}},"line":24},"3":{"name":"(anonymous_3)","decl":{"start":{"line":33,"column":29},"end":{"line":33,"column":30}},"loc":{"start":{"line":33,"column":39},"end":{"line":40,"column":3}},"line":33},"4":{"name":"(anonymous_4)","decl":{"start":{"line":42,"column":27},"end":{"line":42,"column":28}},"loc":{"start":{"line":42,"column":37},"end":{"line":49,"column":3}},"line":42},"5":{"name":"(anonymous_5)","decl":{"start":{"line":51,"column":20},"end":{"line":51,"column":21}},"loc":{"start":{"line":51,"column":26},"end":{"line":73,"column":3}},"line":51},"6":{"name":"(anonymous_6)","decl":{"start":{"line":52,"column":30},"end":{"line":52,"column":31}},"loc":{"start":{"line":52,"column":37},"end":{"line":52,"column":57}},"line":52},"7":{"name":"(anonymous_7)","decl":{"start":{"line":54,"column":20},"end":{"line":54,"column":21}},"loc":{"start":{"line":54,"column":27},"end":{"line":54,"column":47}},"line":54},"8":{"name":"(anonymous_8)","decl":{"start":{"line":55,"column":20},"end":{"line":55,"column":21}},"loc":{"start":{"line":55,"column":27},"end":{"line":55,"column":50}},"line":55},"9":{"name":"(anonymous_9)","decl":{"start":{"line":56,"column":20},"end":{"line":56,"column":21}},"loc":{"start":{"line":56,"column":27},"end":{"line":56,"column":50}},"line":56}},"branchMap":{"0":{"loc":{"start":{"line":25,"column":4},"end":{"line":30,"column":5}},"type":"if","locations":[{"start":{"line":25,"column":4},"end":{"line":30,"column":5}},{"start":{"line":26,"column":9},"end":{"line":30,"column":5}}],"line":25},"1":{"loc":{"start":{"line":34,"column":4},"end":{"line":39,"column":5}},"type":"if","locations":[{"start":{"line":34,"column":4},"end":{"line":39,"column":5}},{"start":{"line":35,"column":9},"end":{"line":39,"column":5}}],"line":34},"2":{"loc":{"start":{"line":43,"column":4},"end":{"line":48,"column":5}},"type":"if","locations":[{"start":{"line":43,"column":4},"end":{"line":48,"column":5}},{"start":{"line":44,"column":9},"end":{"line":48,"column":5}}],"line":43},"3":{"loc":{"start":{"line":53,"column":4},"end":{"line":72,"column":5}},"type":"if","locations":[{"start":{"line":53,"column":4},"end":{"line":72,"column":5}},{"start":{"line":61,"column":9},"end":{"line":72,"column":5}}],"line":53},"4":{"loc":{"start":{"line":54,"column":6},"end":{"line":56,"column":51}},"type":"binary-expr","locations":[{"start":{"line":54,"column":6},"end":{"line":54,"column":48}},{"start":{"line":55,"column":6},"end":{"line":55,"column":51}},{"start":{"line":56,"column":6},"end":{"line":56,"column":51}}],"line":54},"5":{"loc":{"start":{"line":61,"column":9},"end":{"line":72,"column":5}},"type":"if","locations":[{"start":{"line":61,"column":9},"end":{"line":72,"column":5}},{"start":{"line":69,"column":11},"end":{"line":72,"column":5}}],"line":61},"6":{"loc":{"start":{"line":62,"column":6},"end":{"line":64,"column":26}},"type":"binary-expr","locations":[{"start":{"line":62,"column":6},"end":{"line":62,"column":27}},{"start":{"line":63,"column":6},"end":{"line":63,"column":26}},{"start":{"line":64,"column":6},"end":{"line":64,"column":26}}],"line":62}},"s":{"0":1,"1":1,"2":1,"3":1,"4":1,"5":1,"6":1,"7":1,"8":0,"9":0,"10":0,"11":1,"12":0,"13":0,"14":0,"15":1,"16":0,"17":0,"18":0,"19":1,"20":0,"21":0,"22":0,"23":0,"24":0,"25":0,"26":0,"27":0,"28":0,"29":0,"30":0,"31":1,"32":1},"f":{"0":1,"1":1,"2":0,"3":0,"4":0,"5":0,"6":0,"7":0,"8":0,"9":0},"b":{"0":[0,0],"1":[0,0],"2":[0,0],"3":[0,0],"4":[0,0,0],"5":[0,0],"6":[0,0,0]},"_coverageSchema":"1a1c01bbd47fc00a2c39e90264f33305004495a9","hash":"92e264bd6a8c1a147e2072c6c649063f239cbd41"}
,"/Users/sarya14/Desktop/Demo-project/myContacts/src/Screens/home.js": {"path":"/Users/sarya14/Desktop/Demo-project/myContacts/src/Screens/home.js","statementMap":{"0":{"start":{"line":15,"column":22},"end":{"line":17,"column":3}},"1":{"start":{"line":16,"column":4},"end":{"line":16,"column":32}},"2":{"start":{"line":20,"column":27},"end":{"line":20,"column":73}},"3":{"start":{"line":20,"column":50},"end":{"line":20,"column":72}},"4":{"start":{"line":21,"column":2},"end":{"line":21,"column":52}},"5":{"start":{"line":23,"column":25},"end":{"line":34,"column":4}},"6":{"start":{"line":24,"column":13},"end":{"line":24,"column":33}},"7":{"start":{"line":25,"column":11},"end":{"line":25,"column":31}},"8":{"start":{"line":27,"column":4},"end":{"line":29,"column":5}},"9":{"start":{"line":28,"column":6},"end":{"line":28,"column":16}},"10":{"start":{"line":30,"column":4},"end":{"line":32,"column":5}},"11":{"start":{"line":31,"column":6},"end":{"line":31,"column":15}},"12":{"start":{"line":33,"column":4},"end":{"line":33,"column":13}},"13":{"start":{"line":36,"column":2},"end":{"line":36,"column":30}},"14":{"start":{"line":38,"column":19},"end":{"line":38,"column":32}},"15":{"start":{"line":40,"column":2},"end":{"line":76,"column":4}},"16":{"start":{"line":54,"column":10},"end":{"line":54,"column":60}},"17":{"start":{"line":63,"column":12},"end":{"line":71,"column":19}},"18":{"start":{"line":65,"column":31},"end":{"line":65,"column":74}},"19":{"start":{"line":79,"column":16},"end":{"line":111,"column":2}}},"fnMap":{"0":{"name":"Home","decl":{"start":{"line":14,"column":24},"end":{"line":14,"column":28}},"loc":{"start":{"line":14,"column":45},"end":{"line":77,"column":1}},"line":14},"1":{"name":"(anonymous_1)","decl":{"start":{"line":15,"column":22},"end":{"line":15,"column":23}},"loc":{"start":{"line":15,"column":28},"end":{"line":17,"column":3}},"line":15},"2":{"name":"(anonymous_2)","decl":{"start":{"line":20,"column":39},"end":{"line":20,"column":40}},"loc":{"start":{"line":20,"column":50},"end":{"line":20,"column":72}},"line":20},"3":{"name":"(anonymous_3)","decl":{"start":{"line":23,"column":47},"end":{"line":23,"column":48}},"loc":{"start":{"line":23,"column":57},"end":{"line":34,"column":3}},"line":23},"4":{"name":"(anonymous_4)","decl":{"start":{"line":53,"column":22},"end":{"line":53,"column":23}},"loc":{"start":{"line":53,"column":32},"end":{"line":56,"column":9}},"line":53},"5":{"name":"(anonymous_5)","decl":{"start":{"line":62,"column":22},"end":{"line":62,"column":23}},"loc":{"start":{"line":63,"column":12},"end":{"line":71,"column":19}},"line":63},"6":{"name":"(anonymous_6)","decl":{"start":{"line":65,"column":25},"end":{"line":65,"column":26}},"loc":{"start":{"line":65,"column":31},"end":{"line":65,"column":74}},"line":65}},"branchMap":{"0":{"loc":{"start":{"line":27,"column":4},"end":{"line":29,"column":5}},"type":"if","locations":[{"start":{"line":27,"column":4},"end":{"line":29,"column":5}},{"start":{},"end":{}}],"line":27},"1":{"loc":{"start":{"line":30,"column":4},"end":{"line":32,"column":5}},"type":"if","locations":[{"start":{"line":30,"column":4},"end":{"line":32,"column":5}},{"start":{},"end":{}}],"line":30}},"s":{"0":1,"1":0,"2":1,"3":1,"4":1,"5":1,"6":0,"7":0,"8":0,"9":0,"10":0,"11":0,"12":0,"13":1,"14":1,"15":1,"16":0,"17":0,"18":0,"19":1},"f":{"0":1,"1":0,"2":1,"3":0,"4":0,"5":0,"6":0},"b":{"0":[0,0],"1":[0,0]},"_coverageSchema":"1a1c01bbd47fc00a2c39e90264f33305004495a9","hash":"82b2efe6413e42a285f07d61c48c051053591cf2"}
,"/Users/sarya14/Desktop/Demo-project/myContacts/src/navigator/homeStack.js": {"path":"/Users/sarya14/Desktop/Demo-project/myContacts/src/navigator/homeStack.js","statementMap":{"0":{"start":{"line":8,"column":16},"end":{"line":50,"column":1}},"1":{"start":{"line":52,"column":18},"end":{"line":52,"column":47}}},"fnMap":{},"branchMap":{},"s":{"0":0,"1":0},"f":{},"b":{}}
,"/Users/sarya14/Desktop/Demo-project/myContacts/src/store/actionType.js": {"path":"/Users/sarya14/Desktop/Demo-project/myContacts/src/store/actionType.js","statementMap":{"0":{"start":{"line":1,"column":27},"end":{"line":1,"column":37}},"1":{"start":{"line":2,"column":30},"end":{"line":2,"column":39}},"2":{"start":{"line":3,"column":30},"end":{"line":3,"column":38}},"3":{"start":{"line":4,"column":30},"end":{"line":4,"column":38}}},"fnMap":{},"branchMap":{},"s":{"0":4,"1":4,"2":4,"3":4},"f":{},"b":{},"_coverageSchema":"1a1c01bbd47fc00a2c39e90264f33305004495a9","hash":"cb8b777dd33a798595dd4e572c75b01ff1ca84a1"}
,"/Users/sarya14/Desktop/Demo-project/myContacts/src/store/actions.js": {"path":"/Users/sarya14/Desktop/Demo-project/myContacts/src/store/actions.js","statementMap":{"0":{"start":{"line":3,"column":24},"end":{"line":6,"column":2}},"1":{"start":{"line":3,"column":38},"end":{"line":6,"column":1}},"2":{"start":{"line":8,"column":23},"end":{"line":11,"column":2}},"3":{"start":{"line":8,"column":33},"end":{"line":11,"column":1}},"4":{"start":{"line":12,"column":22},"end":{"line":15,"column":2}},"5":{"start":{"line":12,"column":36},"end":{"line":15,"column":1}},"6":{"start":{"line":16,"column":22},"end":{"line":19,"column":2}},"7":{"start":{"line":16,"column":34},"end":{"line":19,"column":1}}},"fnMap":{"0":{"name":"(anonymous_0)","decl":{"start":{"line":3,"column":24},"end":{"line":3,"column":25}},"loc":{"start":{"line":3,"column":38},"end":{"line":6,"column":1}},"line":3},"1":{"name":"(anonymous_1)","decl":{"start":{"line":8,"column":23},"end":{"line":8,"column":24}},"loc":{"start":{"line":8,"column":33},"end":{"line":11,"column":1}},"line":8},"2":{"name":"(anonymous_2)","decl":{"start":{"line":12,"column":22},"end":{"line":12,"column":23}},"loc":{"start":{"line":12,"column":36},"end":{"line":15,"column":1}},"line":12},"3":{"name":"(anonymous_3)","decl":{"start":{"line":16,"column":22},"end":{"line":16,"column":23}},"loc":{"start":{"line":16,"column":34},"end":{"line":19,"column":1}},"line":16}},"branchMap":{},"s":{"0":0,"1":0,"2":0,"3":0,"4":0,"5":0,"6":0,"7":0},"f":{"0":0,"1":0,"2":0,"3":0},"b":{}}
,"/Users/sarya14/Desktop/Demo-project/myContacts/src/store/reducers.js": {"path":"/Users/sarya14/Desktop/Demo-project/myContacts/src/store/reducers.js","statementMap":{"0":{"start":{"line":3,"column":21},"end":{"line":11,"column":1}},"1":{"start":{"line":13,"column":27},"end":{"line":52,"column":1}},"2":{"start":{"line":14,"column":2},"end":{"line":51,"column":3}},"3":{"start":{"line":16,"column":6},"end":{"line":20,"column":8}},"4":{"start":{"line":23,"column":6},"end":{"line":29,"column":8}},"5":{"start":{"line":25,"column":54},"end":{"line":25,"column":77}},"6":{"start":{"line":27,"column":20},"end":{"line":27,"column":43}},"7":{"start":{"line":31,"column":6},"end":{"line":40,"column":8}},"8":{"start":{"line":34,"column":10},"end":{"line":34,"column":70}},"9":{"start":{"line":38,"column":10},"end":{"line":38,"column":70}},"10":{"start":{"line":42,"column":6},"end":{"line":47,"column":8}},"11":{"start":{"line":45,"column":10},"end":{"line":45,"column":80}},"12":{"start":{"line":50,"column":6},"end":{"line":50,"column":19}}},"fnMap":{"0":{"name":"(anonymous_0)","decl":{"start":{"line":13,"column":27},"end":{"line":13,"column":28}},"loc":{"start":{"line":13,"column":61},"end":{"line":52,"column":1}},"line":13},"1":{"name":"(anonymous_1)","decl":{"start":{"line":25,"column":44},"end":{"line":25,"column":45}},"loc":{"start":{"line":25,"column":54},"end":{"line":25,"column":77}},"line":25},"2":{"name":"(anonymous_2)","decl":{"start":{"line":27,"column":10},"end":{"line":27,"column":11}},"loc":{"start":{"line":27,"column":20},"end":{"line":27,"column":43}},"line":27},"3":{"name":"(anonymous_3)","decl":{"start":{"line":33,"column":41},"end":{"line":33,"column":42}},"loc":{"start":{"line":34,"column":10},"end":{"line":34,"column":70}},"line":34},"4":{"name":"(anonymous_4)","decl":{"start":{"line":37,"column":47},"end":{"line":37,"column":48}},"loc":{"start":{"line":38,"column":10},"end":{"line":38,"column":70}},"line":38},"5":{"name":"(anonymous_5)","decl":{"start":{"line":44,"column":50},"end":{"line":44,"column":51}},"loc":{"start":{"line":44,"column":60},"end":{"line":46,"column":9}},"line":44}},"branchMap":{"0":{"loc":{"start":{"line":13,"column":28},"end":{"line":13,"column":48}},"type":"default-arg","locations":[{"start":{"line":13,"column":36},"end":{"line":13,"column":48}}],"line":13},"1":{"loc":{"start":{"line":14,"column":2},"end":{"line":51,"column":3}},"type":"switch","locations":[{"start":{"line":15,"column":4},"end":{"line":20,"column":8}},{"start":{"line":22,"column":4},"end":{"line":29,"column":8}},{"start":{"line":30,"column":4},"end":{"line":40,"column":8}},{"start":{"line":41,"column":4},"end":{"line":47,"column":8}},{"start":{"line":49,"column":4},"end":{"line":50,"column":19}}],"line":14},"2":{"loc":{"start":{"line":34,"column":10},"end":{"line":34,"column":70}},"type":"cond-expr","locations":[{"start":{"line":34,"column":46},"end":{"line":34,"column":60}},{"start":{"line":34,"column":63},"end":{"line":34,"column":70}}],"line":34},"3":{"loc":{"start":{"line":38,"column":10},"end":{"line":38,"column":70}},"type":"cond-expr","locations":[{"start":{"line":38,"column":46},"end":{"line":38,"column":60}},{"start":{"line":38,"column":63},"end":{"line":38,"column":70}}],"line":38}},"s":{"0":4,"1":4,"2":9,"3":1,"4":1,"5":1,"6":1,"7":1,"8":1,"9":1,"10":0,"11":0,"12":6},"f":{"0":9,"1":1,"2":1,"3":1,"4":1,"5":0},"b":{"0":[6],"1":[1,1,1,0,6],"2":[1,0],"3":[1,0]},"_coverageSchema":"1a1c01bbd47fc00a2c39e90264f33305004495a9","hash":"d3b8aa94bc8545b30474c1493461890493dc43ad"}
,"/Users/sarya14/Desktop/Demo-project/myContacts/src/store/store.js": {"path":"/Users/sarya14/Desktop/Demo-project/myContacts/src/store/store.js","statementMap":{"0":{"start":{"line":8,"column":22},"end":{"line":12,"column":1}},"1":{"start":{"line":14,"column":25},"end":{"line":14,"column":67}},"2":{"start":{"line":16,"column":14},"end":{"line":16,"column":43}},"3":{"start":{"line":18,"column":16},"end":{"line":18,"column":35}}},"fnMap":{},"branchMap":{},"s":{"0":3,"1":3,"2":3,"3":3},"f":{},"b":{},"_coverageSchema":"1a1c01bbd47fc00a2c39e90264f33305004495a9","hash":"9873e4c24b8881ee769a4c0299a4acdb424a92a9"}
}
